
15-03-2019 15:20:24.858 INFO  server started at port 9000 
15-03-2019 15:23:18.268 INFO  POST: /v1/organisationLogin 
15-03-2019 15:23:18.268 INFO  [32mParams: [39m[32m{"orgPhone":"9999999999","orgPassword":"User@123","isd_code":"91"}[39m 
15-03-2019 15:23:18.293 INFO  ERROR : invalid username or password 
15-03-2019 15:24:06.355 INFO  POST: /v1/registerOrganisation 
15-03-2019 15:24:06.355 INFO  [32mParams: [39m[32m{"orgName":"shauryaEnterprises","orgEmail":"shauryakalia@gmail.com","orgPhone":"9999999999","isd_code":"91","orgPassword":"uSER@123","orgRegId":"123","orgAddress":"1279","orgOwnerName":"shaurya"}[39m 
15-03-2019 15:25:22.020 INFO  POST: /v1/userLogin 
15-03-2019 15:25:22.020 INFO  [32mParams: [39m[32m{"phone":"9999999999","password":"User@123","isd_code":"91"}[39m 
15-03-2019 15:25:22.026 INFO  ERROR : invalid username or password 
15-03-2019 15:42:36.410 INFO  server started at port 9000 
15-03-2019 15:43:11.094 INFO  POST: /v1/organisationLogin 
15-03-2019 15:43:11.095 INFO  [32mParams: [39m[32m{}[39m 
15-03-2019 15:43:11.095 INFO  ERROR : phone or password or isd code missing 
15-03-2019 16:01:31.541 INFO  server started at port 9000 
15-03-2019 16:03:17.708 INFO  POST: /v1/organisationLogin 
15-03-2019 16:03:17.709 INFO  [32mParams: [39m[32m{"orgPhone":"9999999999","orgPassword":"User@123","isd_code":"91"}[39m 
15-03-2019 16:09:47.128 INFO  server started at port 9000 
15-03-2019 16:10:14.369 INFO  POST: /v1/organisationLogin 
15-03-2019 16:10:14.370 INFO  [32mParams: [39m[32m{"orgPhone":"9999999999","orgPassword":"User@123","isd_code":"91"}[39m 
15-03-2019 16:10:22.258 INFO  GET: /v1/getSelfCampaign 
15-03-2019 16:10:22.258 INFO  [32mParams: [39m[32m{}[39m 
15-03-2019 16:10:44.371 INFO  POST: /v1/createCampaign 
15-03-2019 16:10:44.371 INFO  [32mParams: [39m[32m{"campaignName":"a","campaignCause":"sa","campaignDiscription":"as","amount_required":"10","campaignRequirement":"food","quantity":"10","campaignAddress":"123"}[39m 
15-03-2019 16:11:05.527 INFO  POST: /v1/createCampaign 
15-03-2019 16:11:05.527 INFO  [32mParams: [39m[32m{"campaignName":"a","campaignCause":"sa","campaignDiscription":"as","amount_required":"10","campaignRequirement":"food","quantity":"10","campaignAddress":"123"}[39m 
15-03-2019 16:12:03.511 INFO  POST: /v1/createCampaign 
15-03-2019 16:12:03.511 INFO  [32mParams: [39m[32m{"campaignName":"a","campaignCause":"sa","campaignDiscription":"as","amount_required":"10","campaignRequirement":"food","quantity":"10","campaignAddress":"123"}[39m 
15-03-2019 16:12:44.374 INFO  POST: /v1/createCampaign 
15-03-2019 16:12:44.374 INFO  [32mParams: [39m[32m{"campaignName":"a","campaignCause":"sa","campaignDiscription":"as","amount_required":"10","campaignRequirement":"food","quantity":"10","campaignAddress":"123"}[39m 
15-03-2019 16:13:28.287 INFO  POST: /v1/createCampaign 
15-03-2019 16:13:28.287 INFO  [32mParams: [39m[32m{"campaignName":"a","campaignCause":"sa","campaignDiscription":"as","amount_required":"10","campaignRequirement":"food","quantity":"10","campaignAddress":"123"}[39m 
15-03-2019 16:53:39.464 INFO  server started at port 9000 
15-03-2019 16:53:59.683 INFO  POST: /v1/createCampaign 
15-03-2019 16:53:59.683 INFO  [32mParams: [39m[32m{"campaignName":"a","campaignCause":"sa","campaignDiscription":"q","amount_required":"12","campaignRequirement":"food","quantity":"12","campaignAddress":"123"}[39m 
15-03-2019 16:55:59.683 INFO  POST: /v1/createCampaign 
15-03-2019 16:55:59.683 INFO  [32mParams: [39m[32m{"campaignName":"a","campaignCause":"sa","campaignDiscription":"q","amount_required":"12","campaignRequirement":"food","quantity":"12","campaignAddress":"123"}[39m 
